# JRE version: OpenJDK Runtime Environment Temurin-21.0.10+7 (21.0.10+7) (build 21.0.10+7-LTS)
# Java VM: OpenJDK 64-Bit Server VM Temurin-21.0.10+7 (21.0.10+7-LTS, mixed mode, sharing, tiered, compressed oops, compressed class ptrs, parallel gc, bsd-amd64)
GC Precious Log:
 CardTable entry size: 512
 CPUs: 16 total, 16 available
 Memory: 32768M
 Large Page Support: Disabled
 NUMA Support: Disabled
 Compressed Oops: Enabled (Zero based)
 Alignments: Space 512K, Generation 512K, Heap 2M
 Heap Min Capacity: 100M
 Heap Initial Capacity: 100M
 Heap Max Capacity: 2G
 Pre-touch: Disabled
 Parallel Workers: 13
Heap:
 PSYoungGen      total 13824K, used 7511K [0x00000007d5580000, 0x00000007d6580000, 0x0000000800000000)
  eden space 11776K, 49% used [0x00000007d5580000,0x00000007d5b25ca0,0x00000007d6100000)
  from space 2048K, 84% used [0x00000007d6380000,0x00000007d6530000,0x00000007d6580000)
  to   space 2048K, 0% used [0x00000007d6100000,0x00000007d6100000,0x00000007d6300000)
 ParOldGen       total 68608K, used 61896K [0x0000000780000000, 0x0000000784300000, 0x00000007d5580000)
  object space 68608K, 90% used [0x0000000780000000,0x0000000783c72000,0x0000000784300000)
 Metaspace       used 49078K, committed 50176K, reserved 1114112K
  class space    used 5230K, committed 5696K, reserved 1048576K
GC Heap History (20 events):
Event: 9.566 GC heap before
{Heap before GC invocations=35 (full 2):
 PSYoungGen      total 13824K, used 13824K [0x00000007d5580000, 0x00000007d6900000, 0x0000000800000000)
  eden space 13312K, 100% used [0x00000007d5580000,0x00000007d6280000,0x00000007d6280000)
  from space 512K, 100% used [0x00000007d6580000,0x00000007d6600000,0x00000007d6600000)
  to   space 3072K, 0% used [0x00000007d6280000,0x00000007d6280000,0x00000007d6580000)
 ParOldGen       total 68608K, used 48873K [0x0000000780000000, 0x0000000784300000, 0x00000007d5580000)
  object space 68608K, 71% used [0x0000000780000000,0x0000000782fba4a0,0x0000000784300000)
 Metaspace       used 48176K, committed 49408K, reserved 1114112K
  class space    used 5167K, committed 5696K, reserved 1048576K
}
Event: 9.567 GC heap after
{Heap after GC invocations=35 (full 2):
 PSYoungGen      total 14848K, used 1526K [0x00000007d5580000, 0x00000007d6680000, 0x0000000800000000)
  eden space 13312K, 0% used [0x00000007d5580000,0x00000007d5580000,0x00000007d6280000)
  from space 1536K, 99% used [0x00000007d6280000,0x00000007d63fd808,0x00000007d6400000)
  to   space 2048K, 0% used [0x00000007d6480000,0x00000007d6480000,0x00000007d6680000)
 ParOldGen       total 68608K, used 49419K [0x0000000780000000, 0x0000000784300000, 0x00000007d5580000)
  object space 68608K, 72% used [0x0000000780000000,0x0000000783042cb8,0x0000000784300000)
 Metaspace       used 48176K, committed 49408K, reserved 1114112K
  class space    used 5167K, committed 5696K, reserved 1048576K
}
Event: 9.662 GC heap before
{Heap before GC invocations=36 (full 2):
 PSYoungGen      total 14848K, used 14838K [0x00000007d5580000, 0x00000007d6680000, 0x0000000800000000)
  eden space 13312K, 100% used [0x00000007d5580000,0x00000007d6280000,0x00000007d6280000)
  from space 1536K, 99% used [0x00000007d6280000,0x00000007d63fd808,0x00000007d6400000)
  to   space 2048K, 0% used [0x00000007d6480000,0x00000007d6480000,0x00000007d6680000)
 ParOldGen       total 68608K, used 49419K [0x0000000780000000, 0x0000000784300000, 0x00000007d5580000)
  object space 68608K, 72% used [0x0000000780000000,0x0000000783042cb8,0x0000000784300000)
 Metaspace       used 48635K, committed 49792K, reserved 1114112K
  class space    used 5211K, committed 5696K, reserved 1048576K
}
Event: 9.664 GC heap after
{Heap after GC invocations=36 (full 2):
 PSYoungGen      total 15360K, used 1770K [0x00000007d5580000, 0x00000007d6680000, 0x0000000800000000)
  eden space 13312K, 0% used [0x00000007d5580000,0x00000007d5580000,0x00000007d6280000)
  from space 2048K, 86% used [0x00000007d6480000,0x00000007d663a9b0,0x00000007d6680000)
  to   space 2048K, 0% used [0x00000007d6280000,0x00000007d6280000,0x00000007d6480000)
 ParOldGen       total 68608K, used 50738K [0x0000000780000000, 0x0000000784300000, 0x00000007d5580000)
  object space 68608K, 73% used [0x0000000780000000,0x000000078318cb78,0x0000000784300000)
 Metaspace       used 48635K, committed 49792K, reserved 1114112K
  class space    used 5211K, committed 5696K, reserved 1048576K
}
Event: 9.734 GC heap before
{Heap before GC invocations=37 (full 2):
 PSYoungGen      total 15360K, used 15082K [0x00000007d5580000, 0x00000007d6680000, 0x0000000800000000)
  eden space 13312K, 100% used [0x00000007d5580000,0x00000007d6280000,0x00000007d6280000)
  from space 2048K, 86% used [0x00000007d6480000,0x00000007d663a9b0,0x00000007d6680000)
  to   space 2048K, 0% used [0x00000007d6280000,0x00000007d6280000,0x00000007d6480000)
 ParOldGen       total 68608K, used 50738K [0x0000000780000000, 0x0000000784300000, 0x00000007d5580000)
  object space 68608K, 73% used [0x0000000780000000,0x000000078318cb88,0x0000000784300000)
 Metaspace       used 48696K, committed 49856K, reserved 1114112K
  class space    used 5214K, committed 5696K, reserved 1048576K
}
Event: 9.736 GC heap after
{Heap after GC invocations=37 (full 2):
 PSYoungGen      total 15360K, used 1670K [0x00000007d5580000, 0x00000007d6680000, 0x0000000800000000)
  eden space 13312K, 0% used [0x00000007d5580000,0x00000007d5580000,0x00000007d6280000)
  from space 2048K, 81% used [0x00000007d6280000,0x00000007d6421958,0x00000007d6480000)
  to   space 2048K, 0% used [0x00000007d6480000,0x00000007d6480000,0x00000007d6680000)
 ParOldGen       total 68608K, used 52315K [0x0000000780000000, 0x0000000784300000, 0x00000007d5580000)
  object space 68608K, 76% used [0x0000000780000000,0x0000000783316c38,0x0000000784300000)
 Metaspace       used 48696K, committed 49856K, reserved 1114112K
  class space    used 5214K, committed 5696K, reserved 1048576K
}
Event: 9.816 GC heap before
{Heap before GC invocations=38 (full 2):
 PSYoungGen      total 15360K, used 14982K [0x00000007d5580000, 0x00000007d6680000, 0x0000000800000000)
  eden space 13312K, 100% used [0x00000007d5580000,0x00000007d6280000,0x00000007d6280000)
  from space 2048K, 81% used [0x00000007d6280000,0x00000007d6421958,0x00000007d6480000)
  to   space 2048K, 0% used [0x00000007d6480000,0x00000007d6480000,0x00000007d6680000)
 ParOldGen       total 68608K, used 52320K [0x0000000780000000, 0x0000000784300000, 0x00000007d5580000)
  object space 68608K, 76% used [0x0000000780000000,0x00000007833181a0,0x0000000784300000)
 Metaspace       used 48750K, committed 49856K, reserved 1114112K
  class space    used 5214K, committed 5696K, reserved 1048576K
}
Event: 9.818 GC heap after
{Heap after GC invocations=38 (full 2):
 PSYoungGen      total 15360K, used 1734K [0x00000007d5580000, 0x00000007d6680000, 0x0000000800000000)
  eden space 13312K, 0% used [0x00000007d5580000,0x00000007d5580000,0x00000007d6280000)
  from space 2048K, 84% used [0x00000007d6480000,0x00000007d6631938,0x00000007d6680000)
  to   space 2048K, 0% used [0x00000007d6280000,0x00000007d6280000,0x00000007d6480000)
 ParOldGen       total 68608K, used 53744K [0x0000000780000000, 0x0000000784300000, 0x00000007d5580000)
  object space 68608K, 78% used [0x0000000780000000,0x000000078347c0e0,0x0000000784300000)
 Metaspace       used 48750K, committed 49856K, reserved 1114112K
  class space    used 5214K, committed 5696K, reserved 1048576K
}
Event: 9.895 GC heap before
{Heap before GC invocations=39 (full 2):
 PSYoungGen      total 15360K, used 15046K [0x00000007d5580000, 0x00000007d6680000, 0x0000000800000000)
  eden space 13312K, 100% used [0x00000007d5580000,0x00000007d6280000,0x00000007d6280000)
  from space 2048K, 84% used [0x00000007d6480000,0x00000007d6631938,0x00000007d6680000)
  to   space 2048K, 0% used [0x00000007d6280000,0x00000007d6280000,0x00000007d6480000)
 ParOldGen       total 68608K, used 53744K [0x0000000780000000, 0x0000000784300000, 0x00000007d5580000)
  object space 68608K, 78% used [0x0000000780000000,0x000000078347c0e0,0x0000000784300000)
 Metaspace       used 48786K, committed 49920K, reserved 1114112K
  class space    used 5214K, committed 5696K, reserved 1048576K
}
Event: 9.897 GC heap after
{Heap after GC invocations=39 (full 2):
 PSYoungGen      total 15360K, used 1752K [0x00000007d5580000, 0x00000007d6680000, 0x0000000800000000)
  eden space 13312K, 0% used [0x00000007d5580000,0x00000007d5580000,0x00000007d6280000)
  from space 2048K, 85% used [0x00000007d6280000,0x00000007d6436008,0x00000007d6480000)
  to   space 2048K, 0% used [0x00000007d6480000,0x00000007d6480000,0x00000007d6680000)
 ParOldGen       total 68608K, used 55103K [0x0000000780000000, 0x0000000784300000, 0x00000007d5580000)
  object space 68608K, 80% used [0x0000000780000000,0x00000007835cfcf8,0x0000000784300000)
 Metaspace       used 48786K, committed 49920K, reserved 1114112K
  class space    used 5214K, committed 5696K, reserved 1048576K
}
Event: 9.962 GC heap before
{Heap before GC invocations=40 (full 2):
 PSYoungGen      total 15360K, used 15064K [0x00000007d5580000, 0x00000007d6680000, 0x0000000800000000)
  eden space 13312K, 100% used [0x00000007d5580000,0x00000007d6280000,0x00000007d6280000)
  from space 2048K, 85% used [0x00000007d6280000,0x00000007d6436008,0x00000007d6480000)
  to   space 2048K, 0% used [0x00000007d6480000,0x00000007d6480000,0x00000007d6680000)
 ParOldGen       total 68608K, used 55103K [0x0000000780000000, 0x0000000784300000, 0x00000007d5580000)
  object space 68608K, 80% used [0x0000000780000000,0x00000007835cfcf8,0x0000000784300000)
 Metaspace       used 48798K, committed 49984K, reserved 1114112K
  class space    used 5214K, committed 5696K, reserved 1048576K
}
Event: 9.965 GC heap after
{Heap after GC invocations=40 (full 2):
 PSYoungGen      total 15360K, used 1692K [0x00000007d5580000, 0x00000007d6680000, 0x0000000800000000)
  eden space 13312K, 0% used [0x00000007d5580000,0x00000007d5580000,0x00000007d6280000)
  from space 2048K, 82% used [0x00000007d6480000,0x00000007d66273f8,0x00000007d6680000)
  to   space 2048K, 0% used [0x00000007d6280000,0x00000007d6280000,0x00000007d6480000)
 ParOldGen       total 68608K, used 56654K [0x0000000780000000, 0x0000000784300000, 0x00000007d5580000)
  object space 68608K, 82% used [0x0000000780000000,0x00000007837539b8,0x0000000784300000)
 Metaspace       used 48798K, committed 49984K, reserved 1114112K
  class space    used 5214K, committed 5696K, reserved 1048576K
}
Event: 10.038 GC heap before
{Heap before GC invocations=41 (full 2):
 PSYoungGen      total 15360K, used 15004K [0x00000007d5580000, 0x00000007d6680000, 0x0000000800000000)
  eden space 13312K, 100% used [0x00000007d5580000,0x00000007d6280000,0x00000007d6280000)
  from space 2048K, 82% used [0x00000007d6480000,0x00000007d66273f8,0x00000007d6680000)
  to   space 2048K, 0% used [0x00000007d6280000,0x00000007d6280000,0x00000007d6480000)
 ParOldGen       total 68608K, used 56654K [0x0000000780000000, 0x0000000784300000, 0x00000007d5580000)
  object space 68608K, 82% used [0x0000000780000000,0x00000007837539b8,0x0000000784300000)
 Metaspace       used 48808K, committed 49984K, reserved 1114112K
  class space    used 5214K, committed 5696K, reserved 1048576K
}
Event: 10.040 GC heap after
{Heap after GC invocations=41 (full 2):
 PSYoungGen      total 14848K, used 1367K [0x00000007d5580000, 0x00000007d6580000, 0x0000000800000000)
  eden space 13312K, 0% used [0x00000007d5580000,0x00000007d5580000,0x00000007d6280000)
  from space 1536K, 89% used [0x00000007d6280000,0x00000007d63d5d38,0x00000007d6400000)
  to   space 1536K, 0% used [0x00000007d6400000,0x00000007d6400000,0x00000007d6580000)
 ParOldGen       total 68608K, used 58022K [0x0000000780000000, 0x0000000784300000, 0x00000007d5580000)
  object space 68608K, 84% used [0x0000000780000000,0x00000007838a9a88,0x0000000784300000)
 Metaspace       used 48808K, committed 49984K, reserved 1114112K
  class space    used 5214K, committed 5696K, reserved 1048576K
}
Event: 10.092 GC heap before
{Heap before GC invocations=42 (full 2):
 PSYoungGen      total 14848K, used 14679K [0x00000007d5580000, 0x00000007d6580000, 0x0000000800000000)
  eden space 13312K, 100% used [0x00000007d5580000,0x00000007d6280000,0x00000007d6280000)
  from space 1536K, 89% used [0x00000007d6280000,0x00000007d63d5d38,0x00000007d6400000)
  to   space 1536K, 0% used [0x00000007d6400000,0x00000007d6400000,0x00000007d6580000)
 ParOldGen       total 68608K, used 58022K [0x0000000780000000, 0x0000000784300000, 0x00000007d5580000)
  object space 68608K, 84% used [0x0000000780000000,0x00000007838a9a88,0x0000000784300000)
 Metaspace       used 48830K, committed 49984K, reserved 1114112K
  class space    used 5214K, committed 5696K, reserved 1048576K
}
Event: 10.094 GC heap after
{Heap after GC invocations=42 (full 2):
 PSYoungGen      total 13312K, used 1517K [0x00000007d5580000, 0x00000007d6880000, 0x0000000800000000)
  eden space 11776K, 0% used [0x00000007d5580000,0x00000007d5580000,0x00000007d6100000)
  from space 1536K, 98% used [0x00000007d6400000,0x00000007d657b7d8,0x00000007d6580000)
  to   space 3072K, 0% used [0x00000007d6100000,0x00000007d6100000,0x00000007d6400000)
 ParOldGen       total 68608K, used 59208K [0x0000000780000000, 0x0000000784300000, 0x00000007d5580000)
  object space 68608K, 86% used [0x0000000780000000,0x00000007839d2308,0x0000000784300000)
 Metaspace       used 48830K, committed 49984K, reserved 1114112K
  class space    used 5214K, committed 5696K, reserved 1048576K
}
Event: 10.140 GC heap before
{Heap before GC invocations=43 (full 2):
 PSYoungGen      total 13312K, used 13293K [0x00000007d5580000, 0x00000007d6880000, 0x0000000800000000)
  eden space 11776K, 100% used [0x00000007d5580000,0x00000007d6100000,0x00000007d6100000)
  from space 1536K, 98% used [0x00000007d6400000,0x00000007d657b7d8,0x00000007d6580000)
  to   space 3072K, 0% used [0x00000007d6100000,0x00000007d6100000,0x00000007d6400000)
 ParOldGen       total 68608K, used 59208K [0x0000000780000000, 0x0000000784300000, 0x00000007d5580000)
  object space 68608K, 86% used [0x0000000780000000,0x00000007839d2308,0x0000000784300000)
 Metaspace       used 48843K, committed 49984K, reserved 1114112K
  class space    used 5214K, committed 5696K, reserved 1048576K
}
Event: 10.142 GC heap after
{Heap after GC invocations=43 (full 2):
 PSYoungGen      total 13824K, used 1740K [0x00000007d5580000, 0x00000007d6600000, 0x0000000800000000)
  eden space 11776K, 0% used [0x00000007d5580000,0x00000007d5580000,0x00000007d6100000)
  from space 2048K, 84% used [0x00000007d6100000,0x00000007d62b3290,0x00000007d6300000)
  to   space 2560K, 0% used [0x00000007d6380000,0x00000007d6380000,0x00000007d6600000)
 ParOldGen       total 68608K, used 60603K [0x0000000780000000, 0x0000000784300000, 0x00000007d5580000)
  object space 68608K, 88% used [0x0000000780000000,0x0000000783b2eca0,0x0000000784300000)
 Metaspace       used 48843K, committed 49984K, reserved 1114112K
  class space    used 5214K, committed 5696K, reserved 1048576K
}
Event: 10.191 GC heap before
{Heap before GC invocations=44 (full 2):
 PSYoungGen      total 13824K, used 13516K [0x00000007d5580000, 0x00000007d6600000, 0x0000000800000000)
  eden space 11776K, 100% used [0x00000007d5580000,0x00000007d6100000,0x00000007d6100000)
  from space 2048K, 84% used [0x00000007d6100000,0x00000007d62b3290,0x00000007d6300000)
  to   space 2560K, 0% used [0x00000007d6380000,0x00000007d6380000,0x00000007d6600000)
 ParOldGen       total 68608K, used 60603K [0x0000000780000000, 0x0000000784300000, 0x00000007d5580000)
  object space 68608K, 88% used [0x0000000780000000,0x0000000783b2eca0,0x0000000784300000)
 Metaspace       used 48862K, committed 49984K, reserved 1114112K
  class space    used 5214K, committed 5696K, reserved 1048576K
}
Event: 10.193 GC heap after
{Heap after GC invocations=44 (full 2):
 PSYoungGen      total 13824K, used 1728K [0x00000007d5580000, 0x00000007d6580000, 0x0000000800000000)
  eden space 11776K, 0% used [0x00000007d5580000,0x00000007d5580000,0x00000007d6100000)
  from space 2048K, 84% used [0x00000007d6380000,0x00000007d6530000,0x00000007d6580000)
  to   space 2048K, 0% used [0x00000007d6100000,0x00000007d6100000,0x00000007d6300000)
 ParOldGen       total 68608K, used 61896K [0x0000000780000000, 0x0000000784300000, 0x00000007d5580000)
  object space 68608K, 90% used [0x0000000780000000,0x0000000783c72000,0x0000000784300000)
 Metaspace       used 48862K, committed 49984K, reserved 1114112K
  class space    used 5214K, committed 5696K, reserved 1048576K
}

